This is pdfTeX, Version 3.14159265-2.6-1.40.18 (TeX Live 2017/Debian) (preloaded format=pdflatex 2018.10.14)  22 MAY 2019 17:28
entering extended mode
 restricted \write18 enabled.
 %&-line parsing enabled.
**/home/nol/Projects/tidytuesday/data/2019/2019-05-21/readme.md
(/home/nol/Projects/tidytuesday/data/2019/2019-05-21/readme.md
LaTeX2e <2017-04-15>
Babel <3.18> and hyphenation patterns for 3 language(s) loaded.
! You can't use `macro parameter character #' in vertical mode.
l.1 #
      Global Plastic Waste
? 
! Emergency stop.
l.1 #
      Global Plastic Waste
End of file on the terminal!

 
Here is how much of TeX's memory you used:
 7 strings out of 494923
 285 string characters out of 6180741
 45839 words of memory out of 5000000
 3421 multiletter control sequences out of 15000+600000
 3640 words of font info for 14 fonts, out of 8000000 for 9000
 14 hyphenation exceptions out of 8191
 5i,0n,1p,86b,8s stack positions out of 5000i,500n,10000p,200000b,80000s
!  ==> Fatal error occurred, no output PDF file produced!
